<?xml version="1.0" encoding="UTF-8"?>
<testsuite name="hash.MarathonTest" tests="1" skipped="0" failures="0" errors="0" timestamp="2022-01-27T07:08:34" hostname="DESKTOP-SMD5SR4" time="0.087">
  <properties/>
  <testcase name="[1] [leo, eden, kiki], [eden, kiki], leo" classname="hash.MarathonTest" time="0.087"/>
  <system-out><![CDATA[]]></system-out>
  <system-err><![CDATA[]]></system-err>
</testsuite>
